# JRE version: Java(TM) SE Runtime Environment (19.0.2+7) (build 19.0.2+7-44)
# Java VM: Java HotSpot(TM) 64-Bit Server VM (19.0.2+7-44, mixed mode, emulated-client, sharing, tiered, compressed oops, compressed class ptrs, g1 gc, windows-amd64)
GC Precious Log:
 CardTable entry size: 512
 Card Set container configuration: InlinePtr #cards 4 size 8 Array Of Cards #cards 16 size 48 Howl #buckets 8 coarsen threshold 3686 Howl Bitmap #cards 512 size 80 coarsen threshold 460 Card regions per heap region 1 cards per card region 4096
 CPUs: 8 total, 8 available
 Memory: 16255M
 Large Page Support: Disabled
 NUMA Support: Disabled
 Compressed Oops: Enabled (Zero based)
 Heap Region Size: 2M
 Heap Min Capacity: 8M
 Heap Initial Capacity: 254M
 Heap Max Capacity: 4064M
 Pre-touch: Disabled
 Parallel Workers: 8
 Concurrent Workers: 2
 Concurrent Refinement Workers: 8
 Periodic GC: Disabled
Heap:
 garbage-first heap   total 110592K, used 46939K [0x0000000702000000, 0x0000000800000000)
  region size 2048K, 5 young (10240K), 2 survivors (4096K)
 Metaspace       used 81771K, committed 82432K, reserved 1179648K
  class space    used 11137K, committed 11392K, reserved 1048576K
GC Heap History (20 events):
Event: 230.327 GC heap after
{Heap after GC invocations=38 (full 4):
 garbage-first heap   total 116736K, used 35682K [0x0000000702000000, 0x0000000800000000)
  region size 2048K, 3 young (6144K), 3 survivors (6144K)
 Metaspace       used 77897K, committed 78592K, reserved 1179648K
  class space    used 10670K, committed 11008K, reserved 1048576K
}
Event: 230.840 GC heap before
{Heap before GC invocations=38 (full 4):
 garbage-first heap   total 116736K, used 88930K [0x0000000702000000, 0x0000000800000000)
  region size 2048K, 29 young (59392K), 3 survivors (6144K)
 Metaspace       used 78257K, committed 78912K, reserved 1179648K
  class space    used 10708K, committed 11008K, reserved 1048576K
}
Event: 230.844 GC heap after
{Heap after GC invocations=39 (full 4):
 garbage-first heap   total 116736K, used 38297K [0x0000000702000000, 0x0000000800000000)
  region size 2048K, 2 young (4096K), 2 survivors (4096K)
 Metaspace       used 78257K, committed 78912K, reserved 1179648K
  class space    used 10708K, committed 11008K, reserved 1048576K
}
Event: 231.178 GC heap before
{Heap before GC invocations=39 (full 4):
 garbage-first heap   total 116736K, used 89497K [0x0000000702000000, 0x0000000800000000)
  region size 2048K, 27 young (55296K), 2 survivors (4096K)
 Metaspace       used 78379K, committed 79040K, reserved 1179648K
  class space    used 10715K, committed 11008K, reserved 1048576K
}
Event: 231.181 GC heap after
{Heap after GC invocations=40 (full 4):
 garbage-first heap   total 116736K, used 39895K [0x0000000702000000, 0x0000000800000000)
  region size 2048K, 3 young (6144K), 3 survivors (6144K)
 Metaspace       used 78379K, committed 79040K, reserved 1179648K
  class space    used 10715K, committed 11008K, reserved 1048576K
}
Event: 277.586 GC heap before
{Heap before GC invocations=40 (full 4):
 garbage-first heap   total 116736K, used 70615K [0x0000000702000000, 0x0000000800000000)
  region size 2048K, 19 young (38912K), 3 survivors (6144K)
 Metaspace       used 78740K, committed 79424K, reserved 1179648K
  class space    used 10740K, committed 11072K, reserved 1048576K
}
Event: 277.635 GC heap after
{Heap after GC invocations=41 (full 5):
 garbage-first heap   total 110592K, used 31705K [0x0000000702000000, 0x0000000800000000)
  region size 2048K, 0 young (0K), 0 survivors (0K)
 Metaspace       used 78738K, committed 79424K, reserved 1179648K
  class space    used 10740K, committed 11072K, reserved 1048576K
}
Event: 278.277 GC heap before
{Heap before GC invocations=41 (full 5):
 garbage-first heap   total 110592K, used 87001K [0x0000000702000000, 0x0000000800000000)
  region size 2048K, 28 young (57344K), 0 survivors (0K)
 Metaspace       used 79044K, committed 79680K, reserved 1179648K
  class space    used 10782K, committed 11072K, reserved 1048576K
}
Event: 278.280 GC heap after
{Heap after GC invocations=42 (full 5):
 garbage-first heap   total 110592K, used 36063K [0x0000000702000000, 0x0000000800000000)
  region size 2048K, 3 young (6144K), 3 survivors (6144K)
 Metaspace       used 79044K, committed 79680K, reserved 1179648K
  class space    used 10782K, committed 11072K, reserved 1048576K
}
Event: 278.791 GC heap before
{Heap before GC invocations=42 (full 5):
 garbage-first heap   total 110592K, used 87263K [0x0000000702000000, 0x0000000800000000)
  region size 2048K, 28 young (57344K), 3 survivors (6144K)
 Metaspace       used 79367K, committed 79936K, reserved 1179648K
  class space    used 10812K, committed 11072K, reserved 1048576K
}
Event: 278.795 GC heap after
{Heap after GC invocations=43 (full 5):
 garbage-first heap   total 110592K, used 38544K [0x0000000702000000, 0x0000000800000000)
  region size 2048K, 4 young (8192K), 4 survivors (8192K)
 Metaspace       used 79367K, committed 79936K, reserved 1179648K
  class space    used 10812K, committed 11072K, reserved 1048576K
}
Event: 279.126 GC heap before
{Heap before GC invocations=43 (full 5):
 garbage-first heap   total 110592K, used 87696K [0x0000000702000000, 0x0000000800000000)
  region size 2048K, 28 young (57344K), 4 survivors (8192K)
 Metaspace       used 79492K, committed 80064K, reserved 1179648K
  class space    used 10820K, committed 11072K, reserved 1048576K
}
Event: 279.131 GC heap after
{Heap after GC invocations=44 (full 5):
 garbage-first heap   total 110592K, used 40550K [0x0000000702000000, 0x0000000800000000)
  region size 2048K, 3 young (6144K), 3 survivors (6144K)
 Metaspace       used 79492K, committed 80064K, reserved 1179648K
  class space    used 10820K, committed 11072K, reserved 1048576K
}
Event: 401.642 GC heap before
{Heap before GC invocations=44 (full 5):
 garbage-first heap   total 110592K, used 87654K [0x0000000702000000, 0x0000000800000000)
  region size 2048K, 26 young (53248K), 3 survivors (6144K)
 Metaspace       used 79998K, committed 80576K, reserved 1179648K
  class space    used 10880K, committed 11136K, reserved 1048576K
}
Event: 401.652 GC heap after
{Heap after GC invocations=45 (full 5):
 garbage-first heap   total 110592K, used 41442K [0x0000000702000000, 0x0000000800000000)
  region size 2048K, 2 young (4096K), 2 survivors (4096K)
 Metaspace       used 79998K, committed 80576K, reserved 1179648K
  class space    used 10880K, committed 11136K, reserved 1048576K
}
Event: 631.668 GC heap before
{Heap before GC invocations=45 (full 5):
 garbage-first heap   total 110592K, used 86498K [0x0000000702000000, 0x0000000800000000)
  region size 2048K, 25 young (51200K), 2 survivors (4096K)
 Metaspace       used 81761K, committed 82432K, reserved 1179648K
  class space    used 11135K, committed 11392K, reserved 1048576K
}
Event: 631.675 GC heap after
{Heap after GC invocations=46 (full 5):
 garbage-first heap   total 110592K, used 42461K [0x0000000702000000, 0x0000000800000000)
  region size 2048K, 2 young (4096K), 2 survivors (4096K)
 Metaspace       used 81761K, committed 82432K, reserved 1179648K
  class space    used 11135K, committed 11392K, reserved 1048576K
}
Event: 1117.432 GC heap before
{Heap before GC invocations=46 (full 5):
 garbage-first heap   total 110592K, used 89565K [0x0000000702000000, 0x0000000800000000)
  region size 2048K, 25 young (51200K), 2 survivors (4096K)
 Metaspace       used 81768K, committed 82432K, reserved 1179648K
  class space    used 11136K, committed 11392K, reserved 1048576K
}
Event: 1117.441 GC heap after
{Heap after GC invocations=47 (full 5):
 garbage-first heap   total 110592K, used 42237K [0x0000000702000000, 0x0000000800000000)
  region size 2048K, 2 young (4096K), 2 survivors (4096K)
 Metaspace       used 81768K, committed 82432K, reserved 1179648K
  class space    used 11136K, committed 11392K, reserved 1048576K
}
Event: 1152.187 GC heap before
{Heap before GC invocations=47 (full 5):
 garbage-first heap   total 110592K, used 46333K [0x0000000702000000, 0x0000000800000000)
  region size 2048K, 5 young (10240K), 2 survivors (4096K)
 Metaspace       used 81771K, committed 82432K, reserved 1179648K
  class space    used 11137K, committed 11392K, reserved 1048576K
}

