# JRE version: Java(TM) SE Runtime Environment (19.0.2+7) (build 19.0.2+7-44)
# Java VM: Java HotSpot(TM) 64-Bit Server VM (19.0.2+7-44, mixed mode, emulated-client, sharing, tiered, compressed oops, compressed class ptrs, g1 gc, windows-amd64)
GC Precious Log:
 CardTable entry size: 512
 Card Set container configuration: InlinePtr #cards 4 size 8 Array Of Cards #cards 16 size 48 Howl #buckets 8 coarsen threshold 3686 Howl Bitmap #cards 512 size 80 coarsen threshold 460 Card regions per heap region 1 cards per card region 4096
 CPUs: 8 total, 8 available
 Memory: 16255M
 Large Page Support: Disabled
 NUMA Support: Disabled
 Compressed Oops: Enabled (Zero based)
 Heap Region Size: 2M
 Heap Min Capacity: 8M
 Heap Initial Capacity: 254M
 Heap Max Capacity: 4064M
 Pre-touch: Disabled
 Parallel Workers: 8
 Concurrent Workers: 2
 Concurrent Refinement Workers: 8
 Periodic GC: Disabled
Heap:
 garbage-first heap   total 116736K, used 59269K [0x0000000702000000, 0x0000000800000000)
  region size 2048K, 11 young (22528K), 2 survivors (4096K)
 Metaspace       used 83500K, committed 84288K, reserved 1179648K
  class space    used 11147K, committed 11520K, reserved 1048576K
GC Heap History (20 events):
Event: 1454.283 GC heap after
{Heap after GC invocations=69 (full 9):
 garbage-first heap   total 122880K, used 39371K [0x0000000702000000, 0x0000000800000000)
  region size 2048K, 3 young (6144K), 3 survivors (6144K)
 Metaspace       used 81657K, committed 82432K, reserved 1179648K
  class space    used 10981K, committed 11328K, reserved 1048576K
}
Event: 1461.066 GC heap before
{Heap before GC invocations=69 (full 9):
 garbage-first heap   total 122880K, used 51659K [0x0000000702000000, 0x0000000800000000)
  region size 2048K, 10 young (20480K), 3 survivors (6144K)
 Metaspace       used 81688K, committed 82432K, reserved 1179648K
  class space    used 10983K, committed 11328K, reserved 1048576K
}
Event: 1461.120 GC heap after
{Heap after GC invocations=70 (full 10):
 garbage-first heap   total 116736K, used 31318K [0x0000000702000000, 0x0000000800000000)
  region size 2048K, 0 young (0K), 0 survivors (0K)
 Metaspace       used 81685K, committed 82432K, reserved 1179648K
  class space    used 10983K, committed 11328K, reserved 1048576K
}
Event: 1461.804 GC heap before
{Heap before GC invocations=70 (full 10):
 garbage-first heap   total 116736K, used 88662K [0x0000000702000000, 0x0000000800000000)
  region size 2048K, 29 young (59392K), 0 survivors (0K)
 Metaspace       used 81982K, committed 82816K, reserved 1179648K
  class space    used 11015K, committed 11392K, reserved 1048576K
}
Event: 1461.807 GC heap after
{Heap after GC invocations=71 (full 10):
 garbage-first heap   total 116736K, used 35724K [0x0000000702000000, 0x0000000800000000)
  region size 2048K, 3 young (6144K), 3 survivors (6144K)
 Metaspace       used 81982K, committed 82816K, reserved 1179648K
  class space    used 11015K, committed 11392K, reserved 1048576K
}
Event: 1462.366 GC heap before
{Heap before GC invocations=71 (full 10):
 garbage-first heap   total 116736K, used 88972K [0x0000000702000000, 0x0000000800000000)
  region size 2048K, 29 young (59392K), 3 survivors (6144K)
 Metaspace       used 82327K, committed 83072K, reserved 1179648K
  class space    used 11046K, committed 11392K, reserved 1048576K
}
Event: 1462.372 GC heap after
{Heap after GC invocations=72 (full 10):
 garbage-first heap   total 116736K, used 38282K [0x0000000702000000, 0x0000000800000000)
  region size 2048K, 4 young (8192K), 4 survivors (8192K)
 Metaspace       used 82327K, committed 83072K, reserved 1179648K
  class space    used 11046K, committed 11392K, reserved 1048576K
}
Event: 1462.710 GC heap before
{Heap before GC invocations=72 (full 10):
 garbage-first heap   total 116736K, used 89482K [0x0000000702000000, 0x0000000800000000)
  region size 2048K, 29 young (59392K), 4 survivors (8192K)
 Metaspace       used 82478K, committed 83328K, reserved 1179648K
  class space    used 11055K, committed 11456K, reserved 1048576K
}
Event: 1462.715 GC heap after
{Heap after GC invocations=73 (full 10):
 garbage-first heap   total 116736K, used 39916K [0x0000000702000000, 0x0000000800000000)
  region size 2048K, 3 young (6144K), 3 survivors (6144K)
 Metaspace       used 82478K, committed 83328K, reserved 1179648K
  class space    used 11055K, committed 11456K, reserved 1048576K
}
Event: 1480.982 GC heap before
{Heap before GC invocations=73 (full 10):
 garbage-first heap   total 116736K, used 62444K [0x0000000702000000, 0x0000000800000000)
  region size 2048K, 15 young (30720K), 3 survivors (6144K)
 Metaspace       used 82565K, committed 83392K, reserved 1179648K
  class space    used 11060K, committed 11456K, reserved 1048576K
}
Event: 1481.041 GC heap after
{Heap after GC invocations=74 (full 11):
 garbage-first heap   total 116736K, used 31866K [0x0000000702000000, 0x0000000800000000)
  region size 2048K, 0 young (0K), 0 survivors (0K)
 Metaspace       used 82562K, committed 83392K, reserved 1179648K
  class space    used 11060K, committed 11456K, reserved 1048576K
}
Event: 1481.656 GC heap before
{Heap before GC invocations=74 (full 11):
 garbage-first heap   total 116736K, used 89210K [0x0000000702000000, 0x0000000800000000)
  region size 2048K, 28 young (57344K), 0 survivors (0K)
 Metaspace       used 82860K, committed 83648K, reserved 1179648K
  class space    used 11093K, committed 11456K, reserved 1048576K
}
Event: 1481.659 GC heap after
{Heap after GC invocations=75 (full 11):
 garbage-first heap   total 116736K, used 36198K [0x0000000702000000, 0x0000000800000000)
  region size 2048K, 3 young (6144K), 3 survivors (6144K)
 Metaspace       used 82860K, committed 83648K, reserved 1179648K
  class space    used 11093K, committed 11456K, reserved 1048576K
}
Event: 1482.184 GC heap before
{Heap before GC invocations=75 (full 11):
 garbage-first heap   total 116736K, used 85350K [0x0000000702000000, 0x0000000800000000)
  region size 2048K, 28 young (57344K), 3 survivors (6144K)
 Metaspace       used 83210K, committed 84032K, reserved 1179648K
  class space    used 11126K, committed 11520K, reserved 1048576K
}
Event: 1482.188 GC heap after
{Heap after GC invocations=76 (full 11):
 garbage-first heap   total 116736K, used 38821K [0x0000000702000000, 0x0000000800000000)
  region size 2048K, 4 young (8192K), 4 survivors (8192K)
 Metaspace       used 83210K, committed 84032K, reserved 1179648K
  class space    used 11126K, committed 11520K, reserved 1048576K
}
Event: 1482.615 GC heap before
{Heap before GC invocations=76 (full 11):
 garbage-first heap   total 116736K, used 87973K [0x0000000702000000, 0x0000000800000000)
  region size 2048K, 28 young (57344K), 4 survivors (8192K)
 Metaspace       used 83333K, committed 84160K, reserved 1179648K
  class space    used 11132K, committed 11520K, reserved 1048576K
}
Event: 1482.620 GC heap after
{Heap after GC invocations=77 (full 11):
 garbage-first heap   total 116736K, used 40593K [0x0000000702000000, 0x0000000800000000)
  region size 2048K, 3 young (6144K), 3 survivors (6144K)
 Metaspace       used 83333K, committed 84160K, reserved 1179648K
  class space    used 11132K, committed 11520K, reserved 1048576K
}
Event: 1700.202 GC heap before
{Heap before GC invocations=77 (full 11):
 garbage-first heap   total 116736K, used 87697K [0x0000000702000000, 0x0000000800000000)
  region size 2048K, 27 young (55296K), 3 survivors (6144K)
 Metaspace       used 83485K, committed 84288K, reserved 1179648K
  class space    used 11146K, committed 11520K, reserved 1048576K
}
Event: 1700.217 GC heap after
{Heap after GC invocations=78 (full 11):
 garbage-first heap   total 116736K, used 41116K [0x0000000702000000, 0x0000000800000000)
  region size 2048K, 2 young (4096K), 2 survivors (4096K)
 Metaspace       used 83485K, committed 84288K, reserved 1179648K
  class space    used 11146K, committed 11520K, reserved 1048576K
}
Event: 1875.650 GC heap before
{Heap before GC invocations=78 (full 11):
 garbage-first heap   total 116736K, used 57500K [0x0000000702000000, 0x0000000800000000)
  region size 2048K, 11 young (22528K), 2 survivors (4096K)
 Metaspace       used 83500K, committed 84288K, reserved 1179648K
  class space    used 11147K, committed 11520K, reserved 1048576K
}

